{"level":"info","message":"User Sandeep is being redirected to homepage","timestamp":"2016-11-03T16:58:42.712Z"}
{"level":"info","message":"New user john@cena trying to register","timestamp":"2016-11-03T16:59:15.262Z"}
{"level":"info","message":"User Sandeep is being redirected to homepage","timestamp":"2016-11-04T02:32:45.126Z"}
{"level":"info","message":"User Sandeep is viewing product 581251404c01c0097c1aa348","timestamp":"2016-11-04T02:32:47.575Z"}
{"level":"info","message":"User Sandeep is adding product581251404c01c0097c1aa348to his cart","timestamp":"2016-11-04T02:32:49.853Z"}
{"level":"info","message":"User Sandeep is being redirected to homepage","timestamp":"2016-11-04T02:34:25.433Z"}
{"level":"info","message":"User Sandeep is viewing product 581251404c01c0097c1aa348","timestamp":"2016-11-04T02:34:27.017Z"}
{"level":"info","message":"User Sandeep is adding product581251404c01c0097c1aa348to his cart","timestamp":"2016-11-04T02:34:28.283Z"}
{"level":"info","message":"User Sandeep is checking the items in his cart","timestamp":"2016-11-04T02:34:28.436Z"}
{"level":"info","message":"User Sandeep is checking the items in his cart","timestamp":"2016-11-04T02:36:18.539Z"}
{"level":"info","message":"User Sandeep is removing product 581251404c01c0097c1aa348 from his cart","timestamp":"2016-11-04T02:36:25.119Z"}
{"level":"info","message":"User Sandeep is checking the items in his cart","timestamp":"2016-11-04T02:36:25.150Z"}
{"level":"info","message":"User Sandeep is checking the items in his cart","timestamp":"2016-11-04T02:38:26.894Z"}
{"level":"info","message":"User Sandeep is being redirected to homepage","timestamp":"2016-11-04T02:38:32.469Z"}
{"level":"info","message":"User Sandeep is viewing product 58125cd8a0341209bf266a7c","timestamp":"2016-11-04T02:38:34.974Z"}
{"level":"info","message":"User Sandeep is being redirected to homepage","timestamp":"2016-11-04T02:38:37.491Z"}
{"level":"info","message":"User Sandeep is viewing product 581251404c01c0097c1aa348","timestamp":"2016-11-04T02:38:38.975Z"}
{"level":"info","message":"User Sandeep is adding product581251404c01c0097c1aa348to his cart","timestamp":"2016-11-04T02:38:40.317Z"}
{"level":"info","message":"User Sandeep is checking the items in his cart","timestamp":"2016-11-04T02:38:40.347Z"}
{"level":"info","message":"User Sandeep is removing product 581251404c01c0097c1aa348 from his cart","timestamp":"2016-11-04T02:38:52.742Z"}
{"level":"info","message":"User Sandeep is checking the items in his cart","timestamp":"2016-11-04T02:38:52.758Z"}
{"level":"info","message":"User Sandeep is being redirected to homepage","timestamp":"2016-11-04T02:38:56.359Z"}
{"level":"info","message":"User Sandeep is viewing product 581251054c01c0097c1aa347","timestamp":"2016-11-04T02:38:57.891Z"}
{"level":"info","message":"User Sandeep is being redirected to homepage","timestamp":"2016-11-04T02:39:01.549Z"}
{"level":"info","message":"User Sandeep is viewing product 581251404c01c0097c1aa348","timestamp":"2016-11-04T02:39:03.214Z"}
{"level":"info","message":"User Sandeep is adding product581251404c01c0097c1aa348to his cart","timestamp":"2016-11-04T02:39:05.440Z"}
{"level":"info","message":"User Sandeep is checking the items in his cart","timestamp":"2016-11-04T02:39:05.460Z"}
{"level":"info","message":"User Sandeep is removing product 581251404c01c0097c1aa348 from his cart","timestamp":"2016-11-04T02:39:57.246Z"}
{"level":"info","message":"User Sandeep is checking the items in his cart","timestamp":"2016-11-04T02:39:57.356Z"}
{"level":"info","message":"User Sandeep is being redirected to homepage","timestamp":"2016-11-04T02:39:59.502Z"}
{"level":"info","message":"User Sandeep is viewing product 581251404c01c0097c1aa348","timestamp":"2016-11-04T02:40:01.184Z"}
{"level":"info","message":"User Sandeep is adding product581251404c01c0097c1aa348to his cart","timestamp":"2016-11-04T02:40:02.385Z"}
{"level":"info","message":"User Sandeep is checking the items in his cart","timestamp":"2016-11-04T02:40:02.408Z"}
{"level":"info","message":"User Sandeep is ready to make a payment","timestamp":"2016-11-04T02:40:04.328Z"}
{"level":"info","message":"User Sandeep is trying to do a cart checkout","timestamp":"2016-11-04T02:40:12.870Z"}
{"level":"info","message":"User Sandeep is trying to do a cart checkout","timestamp":"2016-11-04T02:40:15.551Z"}
{"level":"info","message":"User Sandeep is trying to do a cart checkout","timestamp":"2016-11-04T02:40:15.977Z"}
{"level":"info","message":"User Sandeep is trying to do a cart checkout","timestamp":"2016-11-04T02:40:16.177Z"}
{"level":"info","message":"User Sandeep is trying to do a cart checkout","timestamp":"2016-11-04T02:40:44.415Z"}
{"level":"info","message":"User Sandeep is trying to do a cart checkout","timestamp":"2016-11-04T02:42:12.882Z"}
{"level":"info","message":"User Sandeep is trying to do a cart checkout","timestamp":"2016-11-04T02:42:15.559Z"}
{"level":"info","message":"User Sandeep is ready to make a payment","timestamp":"2016-11-04T02:42:31.445Z"}
{"level":"info","message":"User Sandeep is trying to do a cart checkout","timestamp":"2016-11-04T02:42:40.097Z"}
{"level":"info","message":"User Sandeep is being redirected to homepage","timestamp":"2016-11-04T02:43:34.681Z"}
{"level":"info","message":"User Sandeep is viewing product 581251404c01c0097c1aa348","timestamp":"2016-11-04T02:43:37.154Z"}
{"level":"info","message":"User Sandeep is adding product581251404c01c0097c1aa348to his cart","timestamp":"2016-11-04T02:43:38.557Z"}
{"level":"info","message":"User Sandeep is viewing product 581251404c01c0097c1aa348","timestamp":"2016-11-04T02:43:47.710Z"}
{"level":"info","message":"User Sandeep is adding product581251404c01c0097c1aa348to his cart","timestamp":"2016-11-04T02:43:49.689Z"}
{"level":"info","message":"User Sandeep is checking the items in his cart","timestamp":"2016-11-04T02:43:49.782Z"}
{"level":"info","message":"User Sandeep is removing product 581251404c01c0097c1aa348 from his cart","timestamp":"2016-11-04T02:43:51.966Z"}
{"level":"info","message":"User Sandeep is checking the items in his cart","timestamp":"2016-11-04T02:43:51.985Z"}
{"level":"info","message":"User Sandeep is being redirected to homepage","timestamp":"2016-11-04T02:43:55.442Z"}
{"level":"info","message":"User Sandeep is being redirected to homepage","timestamp":"2016-11-04T02:44:43.196Z"}
{"level":"info","message":"User Sandeep is trying to sell a product","timestamp":"2016-11-04T02:44:45.773Z"}
{"level":"info","message":"User Sandeep is trying to sell a product directly","timestamp":"2016-11-04T02:45:14.003Z"}
{"level":"info","message":"User Sandeep is being redirected to homepage","timestamp":"2016-11-04T02:45:14.018Z"}
{"level":"info","message":"User Sandeep is viewing product 581bf63a9a7b0c08f4465b60","timestamp":"2016-11-04T02:45:16.387Z"}
{"level":"info","message":"User Sandeep is adding product581bf63a9a7b0c08f4465b60to his cart","timestamp":"2016-11-04T02:45:18.032Z"}
{"level":"info","message":"User Sandeep is checking the items in his cart","timestamp":"2016-11-04T02:45:18.052Z"}
{"level":"info","message":"User Sandeep is ready to make a payment","timestamp":"2016-11-04T02:45:19.717Z"}
{"level":"info","message":"User Sandeep is trying to do a cart checkout","timestamp":"2016-11-04T02:45:32.886Z"}
{"level":"info","message":"User Sandeep is being redirected to homepage","timestamp":"2016-11-04T02:45:41.934Z"}
{"level":"info","message":"User Sandeep is checking his account","timestamp":"2016-11-04T02:45:45.292Z"}
{"level":"info","message":"User Sandeep is being redirected to homepage","timestamp":"2016-11-04T02:46:14.012Z"}
{"level":"info","message":"User Sandeep is being redirected to homepage","timestamp":"2016-11-04T17:27:03.213Z"}
{"level":"info","message":"User Sandeep is viewing product 581bf63a9a7b0c08f4465b60","timestamp":"2016-11-04T17:27:16.458Z"}
{"level":"info","message":"User Sandeep is viewing product 581bf63a9a7b0c08f4465b60","timestamp":"2016-11-04T17:28:25.237Z"}
{"level":"info","message":"User Sandeep is being redirected to homepage","timestamp":"2016-11-04T17:29:15.320Z"}
{"level":"info","message":"User Sandeep is viewing product 581bf63a9a7b0c08f4465b60","timestamp":"2016-11-04T17:29:17.661Z"}
{"level":"info","message":"User Sandeep is viewing product 581bf63a9a7b0c08f4465b60","timestamp":"2016-11-04T17:31:17.673Z"}
{"level":"info","message":"User Sandeep is viewing product 581bf63a9a7b0c08f4465b60","timestamp":"2016-11-04T17:31:47.096Z"}
{"level":"info","message":"User Sandeep is viewing product 581bf63a9a7b0c08f4465b60","timestamp":"2016-11-04T17:31:52.364Z"}
{"level":"info","message":"User Sandeep is being redirected to homepage","timestamp":"2016-11-04T17:32:25.155Z"}
{"level":"info","message":"User Sandeep is viewing product 581bf63a9a7b0c08f4465b60","timestamp":"2016-11-04T17:32:27.079Z"}
{"level":"info","message":"User Sandeep is viewing product 581bf63a9a7b0c08f4465b60","timestamp":"2016-11-04T17:34:04.585Z"}
{"level":"info","message":"User Sandeep is being redirected to homepage","timestamp":"2016-11-04T17:34:13.511Z"}
{"level":"info","message":"User Sandeep is viewing product 581bf63a9a7b0c08f4465b60","timestamp":"2016-11-04T17:34:15.939Z"}
{"level":"info","message":"User Sandeep is being redirected to homepage","timestamp":"2016-11-04T17:35:56.912Z"}
{"level":"info","message":"User Sandeep is viewing product 581bf63a9a7b0c08f4465b60","timestamp":"2016-11-04T17:36:05.275Z"}
{"level":"info","message":"User Sandeep is viewing product 581bf63a9a7b0c08f4465b60","timestamp":"2016-11-04T17:37:27.747Z"}
{"level":"info","message":"User Sandeep is being redirected to homepage","timestamp":"2016-11-04T17:37:31.672Z"}
{"level":"info","message":"User Sandeep is viewing product 581bf63a9a7b0c08f4465b60","timestamp":"2016-11-04T17:37:47.931Z"}
{"level":"info","message":"User Sandeep is being redirected to homepage","timestamp":"2016-11-04T17:39:12.658Z"}
{"level":"info","message":"User Sandeep is viewing product 581bf63a9a7b0c08f4465b60","timestamp":"2016-11-04T17:39:14.555Z"}
{"level":"info","message":"User Sandeep is adding product581bf63a9a7b0c08f4465b60to his cart","timestamp":"2016-11-04T17:41:09.618Z"}
{"level":"info","message":"User Sandeep is checking the items in his cart","timestamp":"2016-11-04T17:41:09.672Z"}
{"level":"info","message":"User Sandeep is removing product 581bf63a9a7b0c08f4465b60 from his cart","timestamp":"2016-11-04T17:41:12.191Z"}
{"level":"info","message":"User Sandeep is checking the items in his cart","timestamp":"2016-11-04T17:41:12.217Z"}
{"level":"info","message":"User Sandeep is being redirected to homepage","timestamp":"2016-11-04T17:41:14.104Z"}
{"level":"info","message":"User Sandeep is trying to sell a product","timestamp":"2016-11-04T17:41:16.403Z"}
{"level":"info","message":"User Sandeep is trying to sell a product directly","timestamp":"2016-11-04T17:41:32.073Z"}
{"level":"info","message":"User Sandeep is being redirected to homepage","timestamp":"2016-11-04T17:42:45.077Z"}
{"level":"info","message":"User Sandeep is trying to sell a product","timestamp":"2016-11-04T17:42:47.435Z"}
{"level":"info","message":"User Sandeep is trying to sell a product directly","timestamp":"2016-11-04T17:43:02.284Z"}
{"level":"info","message":"User Sandeep is being redirected to homepage","timestamp":"2016-11-04T17:43:02.325Z"}
{"level":"info","message":"User Sandeep is trying to sell a product","timestamp":"2016-11-04T17:43:06.980Z"}
{"level":"info","message":"User Sandeep is trying to sell a product via auction","timestamp":"2016-11-04T17:43:18.998Z"}
{"level":"info","message":"User Sandeep is being redirected to homepage","timestamp":"2016-11-04T17:43:19.022Z"}
{"level":"info","message":"User Sandeep is searching for a product in category1","timestamp":"2016-11-04T17:43:40.102Z"}
{"level":"info","message":"User Sandeep is being redirected to homepage","timestamp":"2016-11-04T17:43:43.021Z"}
{"level":"info","message":"User Sandeep is searching for a product in category1","timestamp":"2016-11-04T17:43:45.569Z"}
{"level":"info","message":"User Sandeep is being redirected to homepage","timestamp":"2016-11-04T17:44:21.146Z"}
{"level":"info","message":"User Sandeep is being redirected to homepage","timestamp":"2016-11-04T17:44:21.216Z"}
{"level":"info","message":"User Sandeep is searching for a product in category1","timestamp":"2016-11-04T17:44:23.922Z"}
{"level":"info","message":"User Sandeep is being redirected to homepage","timestamp":"2016-11-04T17:45:04.713Z"}
{"level":"info","message":"User Sandeep is searching for a product in category1","timestamp":"2016-11-04T17:45:06.929Z"}
{"level":"info","message":"User Sandeep is searching for a product in category1","timestamp":"2016-11-04T17:47:06.936Z"}
{"level":"info","message":"User Sandeep is being redirected to homepage","timestamp":"2016-11-04T17:53:05.666Z"}
{"level":"info","message":"User Sandeep is viewing product 581cc8b76c2ec54978271883","timestamp":"2016-11-04T17:53:37.414Z"}
{"level":"info","message":"User Sandeep is viewing product 581cc8b76c2ec54978271883","timestamp":"2016-11-04T17:55:37.426Z"}
{"level":"info","message":"User Sandeep is being redirected to homepage","timestamp":"2016-11-04T17:56:15.264Z"}
{"level":"info","message":"User Sandeep is viewing product 581cc8a66c2ec54978271882","timestamp":"2016-11-04T17:56:18.637Z"}
{"level":"info","message":"User Sandeep is searching for a product in category1","timestamp":"2016-11-04T17:56:22.848Z"}
{"level":"info","message":"User Sandeep is being redirected to homepage","timestamp":"2016-11-04T17:57:41.834Z"}
{"level":"info","message":"User Sandeep is searching for a product in category1","timestamp":"2016-11-04T17:57:43.820Z"}
{"level":"info","message":"User Sandeep is searching for a product in category10","timestamp":"2016-11-04T17:59:20.793Z"}
{"level":"info","message":"User Sandeep is being redirected to homepage","timestamp":"2016-11-04T17:59:39.981Z"}
{"level":"info","message":"User Sandeep is searching for a product in category2","timestamp":"2016-11-04T17:59:49.853Z"}
{"level":"info","message":"User Sandeep is being redirected to homepage","timestamp":"2016-11-04T18:00:43.912Z"}
{"level":"info","message":"User Sandeep is searching for a product in category2","timestamp":"2016-11-04T18:00:56.945Z"}
{"level":"info","message":"User Sandeep is being redirected to homepage","timestamp":"2016-11-04T18:00:59.280Z"}
{"level":"info","message":"User Sandeep is searching for a product in category2","timestamp":"2016-11-04T18:01:57.988Z"}
{"level":"info","message":"User Sandeep is being redirected to homepage","timestamp":"2016-11-04T18:02:39.101Z"}
{"level":"info","message":"User Sandeep is searching for a product in category2","timestamp":"2016-11-04T18:02:46.327Z"}
{"level":"info","message":"User Sandeep is searching for a product in category2","timestamp":"2016-11-04T18:04:34.692Z"}
{"level":"info","message":"User Sandeep is searching for a product in category2","timestamp":"2016-11-04T18:04:43.605Z"}
{"level":"info","message":"User Sandeep is searching for a product in category1","timestamp":"2016-11-04T18:04:45.807Z"}
{"level":"info","message":"User Sandeep is being redirected to homepage","timestamp":"2016-11-04T18:13:35.033Z"}
{"level":"info","message":"User Sandeep is searching for a product in category1","timestamp":"2016-11-04T18:13:42.820Z"}
{"level":"info","message":"User Sandeep is being redirected to homepage","timestamp":"2016-11-04T18:14:40.709Z"}
{"level":"info","message":"User Sandeep is searching for a product in category1","timestamp":"2016-11-04T18:14:45.361Z"}
{"level":"info","message":"User Sandeep is being redirected to homepage","timestamp":"2016-11-04T18:15:21.972Z"}
{"level":"info","message":"User Sandeep is searching for a product in category2","timestamp":"2016-11-04T18:15:28.395Z"}
{"level":"info","message":"User Sandeep is being redirected to homepage","timestamp":"2016-11-04T18:15:46.927Z"}
{"level":"info","message":"User Sandeep is being redirected to homepage","timestamp":"2016-11-04T18:15:51.579Z"}
{"level":"info","message":"User Sandeep is searching for a product in category1","timestamp":"2016-11-04T18:15:52.403Z"}
{"level":"info","message":"User Sandeep is being redirected to homepage","timestamp":"2016-11-04T18:16:44.127Z"}
{"level":"info","message":"User Sandeep is searching for a product in category1","timestamp":"2016-11-04T18:16:47.300Z"}
{"level":"info","message":"User Sandeep is being redirected to homepage","timestamp":"2016-11-04T18:18:36.457Z"}
{"level":"info","message":"User Sandeep is searching for a product in category10","timestamp":"2016-11-04T18:18:45.180Z"}
{"level":"info","message":"User Sandeep is being redirected to homepage","timestamp":"2016-11-04T18:21:41.215Z"}
{"level":"info","message":"User Sandeep is being redirected to homepage","timestamp":"2016-11-04T18:21:43.967Z"}
{"level":"info","message":"User Sandeep is searching for a product in category10","timestamp":"2016-11-04T18:22:03.102Z"}
{"level":"info","message":"User Sandeep is being redirected to homepage","timestamp":"2016-11-04T18:23:08.988Z"}
{"level":"info","message":"User Sandeep is searching for a product in category1","timestamp":"2016-11-04T18:23:11.074Z"}
{"level":"info","message":"User Sandeep is being redirected to homepage","timestamp":"2016-11-04T18:23:24.937Z"}
{"level":"info","message":"User Sandeep is searching for a product in category10","timestamp":"2016-11-04T18:23:32.897Z"}
{"level":"info","message":"User Sandeep is being redirected to homepage","timestamp":"2016-11-04T18:27:28.386Z"}
{"level":"info","message":"User Sandeep is being redirected to homepage","timestamp":"2016-11-04T18:27:56.033Z"}
{"level":"info","message":"User Sandeep is searching for a product in category1","timestamp":"2016-11-04T18:28:11.263Z"}
{"level":"info","message":"User Sandeep is being redirected to homepage","timestamp":"2016-11-04T18:29:09.433Z"}
{"level":"info","message":"User Sandeep is being redirected to homepage","timestamp":"2016-11-04T18:29:09.458Z"}
{"level":"info","message":"User Sandeep is searching for a product in category1","timestamp":"2016-11-04T18:29:14.021Z"}
{"level":"info","message":"User Sandeep is being redirected to homepage","timestamp":"2016-11-04T18:29:39.444Z"}
{"level":"info","message":"User Sandeep is searching for a product in category6","timestamp":"2016-11-04T18:29:43.479Z"}
{"level":"info","message":"User Sandeep is being redirected to homepage","timestamp":"2016-11-06T04:02:16.522Z"}
{"level":"info","message":"User Sandeep is being redirected to homepage","timestamp":"2016-11-06T04:02:28.374Z"}
{"level":"info","message":"User Sandeep is being redirected to homepage","timestamp":"2016-11-06T04:03:24.402Z"}
{"level":"info","message":"User Sandeep is being redirected to homepage","timestamp":"2016-11-06T04:06:13.711Z"}
{"level":"info","message":"User Sandeep is being redirected to homepage","timestamp":"2016-11-06T04:06:34.000Z"}
{"level":"info","message":"User Sandeep is being redirected to homepage","timestamp":"2016-11-06T04:08:57.158Z"}
{"level":"info","message":"User Sandeep is being redirected to homepage","timestamp":"2016-11-06T04:18:06.437Z"}
{"level":"info","message":"User Sandeep is being redirected to homepage","timestamp":"2016-11-06T04:18:07.326Z"}
{"level":"info","message":"User Sandeep is being redirected to homepage","timestamp":"2016-11-06T04:18:28.049Z"}
{"level":"info","message":"User Sandeep is being redirected to homepage","timestamp":"2016-11-06T04:19:39.150Z"}
{"level":"info","message":"User Sandeep is being redirected to homepage","timestamp":"2016-11-06T04:20:42.417Z"}
{"level":"info","message":"User Sandeep is being redirected to homepage","timestamp":"2016-11-06T04:20:42.980Z"}
{"level":"info","message":"User Sandeep is being redirected to homepage","timestamp":"2016-11-06T04:22:43.017Z"}
{"level":"info","message":"User Sandeep is being redirected to homepage","timestamp":"2016-11-06T04:22:52.356Z"}
{"level":"info","message":"User Sandeep is being redirected to homepage","timestamp":"2016-11-06T04:22:58.503Z"}
{"level":"info","message":"User Sandeep is being redirected to homepage","timestamp":"2016-11-06T21:45:13.914Z"}
{"level":"info","message":"User Sandeep is being redirected to homepage","timestamp":"2016-11-06T21:45:51.363Z"}
{"level":"info","message":"User Sandeep is being redirected to homepage","timestamp":"2016-11-06T21:45:51.395Z"}
{"level":"info","message":"User Sandeep is being redirected to homepage","timestamp":"2016-11-06T21:46:53.006Z"}
{"level":"info","message":"User Sandeep is being redirected to homepage","timestamp":"2016-11-06T21:49:37.086Z"}
{"level":"info","message":"New user mark.wood@gmail.com trying to register","timestamp":"2016-11-06T21:51:40.721Z"}
{"level":"info","message":"User Sandeep is being redirected to homepage","timestamp":"2016-11-06T21:51:41.019Z"}
{"level":"info","message":"User Mark is being redirected to homepage","timestamp":"2016-11-06T21:55:09.519Z"}
{"level":"info","message":"New user ram.lax@gmail.com trying to register","timestamp":"2016-11-06T21:59:42.713Z"}
{"level":"info","message":"User Sandeep is being redirected to homepage","timestamp":"2016-11-06T22:01:16.299Z"}
{"level":"info","message":"User Sandeep is adding product581bf63a9a7b0c08f4465b60to his cart","timestamp":"2016-11-06T22:02:54.113Z"}
{"level":"info","message":"User Sandeep is checking the items in his cart","timestamp":"2016-11-06T22:02:54.138Z"}
{"level":"info","message":"User Sandeep is removing product 581bf63a9a7b0c08f4465b60 from his cart","timestamp":"2016-11-06T22:04:10.910Z"}
{"level":"info","message":"User Sandeep is checking the items in his cart","timestamp":"2016-11-06T22:04:10.934Z"}
{"level":"info","message":"User Sandeep is being redirected to homepage","timestamp":"2016-11-06T22:05:37.232Z"}
{"level":"info","message":"User Sandeep is adding product581bf63a9a7b0c08f4465b60to his cart","timestamp":"2016-11-06T22:05:42.685Z"}
{"level":"info","message":"User Sandeep is checking the items in his cart","timestamp":"2016-11-06T22:05:42.709Z"}
{"level":"info","message":"User Sandeep is ready to make a payment","timestamp":"2016-11-06T22:05:46.171Z"}
{"level":"info","message":"User Sandeep is being redirected to homepage","timestamp":"2016-11-06T22:05:59.749Z"}
{"level":"info","message":"User Sandeep is checking the items in his cart","timestamp":"2016-11-06T22:06:07.717Z"}
{"level":"info","message":"User Sandeep is ready to make a payment","timestamp":"2016-11-06T22:06:14.240Z"}
{"level":"info","message":"User Sandeep is trying to do a cart checkout","timestamp":"2016-11-06T22:06:37.079Z"}
{"level":"info","message":"User Sandeep is being redirected to homepage","timestamp":"2016-11-06T22:07:18.886Z"}
{"level":"info","message":"User Mark is being redirected to homepage","timestamp":"2016-11-06T22:07:25.419Z"}
{"level":"info","message":"User Mark is adding product581cc8a66c2ec54978271882to his cart","timestamp":"2016-11-06T22:07:33.649Z"}
{"level":"info","message":"User Mark is checking the items in his cart","timestamp":"2016-11-06T22:07:33.677Z"}
{"level":"info","message":"User Mark is ready to make a payment","timestamp":"2016-11-06T22:07:34.911Z"}
{"level":"info","message":"User Mark is trying to do a cart checkout","timestamp":"2016-11-06T22:08:13.306Z"}
{"level":"info","message":"User Mark is being redirected to homepage","timestamp":"2016-11-06T22:09:21.671Z"}
{"level":"info","message":"User Mark is checking his account","timestamp":"2016-11-06T22:09:57.942Z"}
{"level":"info","message":"User Mark is being redirected to homepage","timestamp":"2016-11-06T22:10:17.150Z"}
{"level":"info","message":"User Sandeep is being redirected to homepage","timestamp":"2016-11-06T22:10:22.550Z"}
{"level":"info","message":"User Sandeep is checking his account","timestamp":"2016-11-06T22:10:30.599Z"}
{"level":"info","message":"User Sandeep is being redirected to homepage","timestamp":"2016-11-06T22:11:32.465Z"}
{"level":"info","message":"User Sandeep is checking his purchase history","timestamp":"2016-11-06T22:11:47.971Z"}
{"level":"info","message":"User Sandeep is checking his purchase history","timestamp":"2016-11-06T22:12:34.358Z"}
{"level":"info","message":"User Sandeep is checking his purchase history","timestamp":"2016-11-06T22:12:45.186Z"}
{"level":"info","message":"User Sandeep is being redirected to homepage","timestamp":"2016-11-06T22:15:43.111Z"}
{"level":"info","message":"User Sandeep is checking his sell history","timestamp":"2016-11-06T22:15:45.843Z"}
{"level":"info","message":"User Sandeep is checking his sell history","timestamp":"2016-11-06T22:15:51.967Z"}
{"level":"info","message":"User Sandeep is being redirected to homepage","timestamp":"2016-11-06T22:16:53.585Z"}
{"level":"info","message":"User Sandeep is checking his bid history","timestamp":"2016-11-06T22:17:04.039Z"}
{"level":"info","message":"User Sandeep is being redirected to homepage","timestamp":"2016-11-06T22:17:27.540Z"}
{"level":"info","message":"User Sandeep is trying to sell a product","timestamp":"2016-11-06T22:18:12.434Z"}
{"level":"info","message":"User Sandeep is trying to sell a product directly","timestamp":"2016-11-06T22:19:44.628Z"}
{"level":"info","message":"User Sandeep is being redirected to homepage","timestamp":"2016-11-06T22:19:44.658Z"}
{"level":"info","message":"User Sandeep is searching for a product in category1","timestamp":"2016-11-06T22:23:43.021Z"}
{"level":"info","message":"User Sandeep is searching for a product in category1","timestamp":"2016-11-06T22:24:05.121Z"}
{"level":"info","message":"User Sandeep is being redirected to homepage","timestamp":"2016-11-07T00:00:14.819Z"}
{"level":"info","message":"User Sandeep is checking his account","timestamp":"2016-11-07T00:00:19.795Z"}
{"level":"info","message":"User Sandeep is being redirected to homepage","timestamp":"2016-11-07T00:00:31.982Z"}
{"level":"info","message":"User Sandeep is checking his sell history","timestamp":"2016-11-07T00:00:36.191Z"}
{"level":"info","message":"User Sandeep is checking his sell history","timestamp":"2016-11-07T00:00:39.865Z"}
